# JRE version: OpenJDK Runtime Environment (8.0_232-b09) (build 1.8.0_232-8u232-b09-0ubuntu1~18.04.1-b09)
# Java VM: OpenJDK 64-Bit Server VM (25.232-b09 mixed mode linux-amd64 compressed oops)
Heap:
 PSYoungGen      total 69120K, used 5789K [0x00000000ebf80000, 0x00000000f0a80000, 0x0000000100000000)
  eden space 62464K, 0% used [0x00000000ebf80000,0x00000000ebf80000,0x00000000efc80000)
  from space 6656K, 86% used [0x00000000efc80000,0x00000000f0227560,0x00000000f0300000)
  to   space 5632K, 0% used [0x00000000f0300000,0x00000000f0300000,0x00000000f0880000)
 ParOldGen       total 42496K, used 6452K [0x00000000c3e00000, 0x00000000c6780000, 0x00000000ebf80000)
  object space 42496K, 15% used [0x00000000c3e00000,0x00000000c444d040,0x00000000c6780000)
 Metaspace       used 20543K, capacity 21236K, committed 21296K, reserved 1067008K
  class space    used 2652K, capacity 2847K, committed 2864K, reserved 1048576K
GC Heap History (10 events):
Event: 11,116 GC heap after
Heap after GC invocations=2 (full 0):
 PSYoungGen      total 18432K, used 2552K [0x00000000ebf80000, 0x00000000ed400000, 0x0000000100000000)
  eden space 15872K, 0% used [0x00000000ebf80000,0x00000000ebf80000,0x00000000ecf00000)
  from space 2560K, 99% used [0x00000000ed180000,0x00000000ed3fe2a0,0x00000000ed400000)
  to   space 2560K, 0% used [0x00000000ecf00000,0x00000000ecf00000,0x00000000ed180000)
 ParOldGen       total 42496K, used 597K [0x00000000c3e00000, 0x00000000c6780000, 0x00000000ebf80000)
  object space 42496K, 1% used [0x00000000c3e00000,0x00000000c3e95728,0x00000000c6780000)
 Metaspace       used 9689K, capacity 9890K, committed 10240K, reserved 1058816K
  class space    used 1121K, capacity 1211K, committed 1280K, reserved 1048576K
}
Event: 11,635 GC heap before
{Heap before GC invocations=3 (full 0):
 PSYoungGen      total 18432K, used 18424K [0x00000000ebf80000, 0x00000000ed400000, 0x0000000100000000)
  eden space 15872K, 100% used [0x00000000ebf80000,0x00000000ecf00000,0x00000000ecf00000)
  from space 2560K, 99% used [0x00000000ed180000,0x00000000ed3fe2a0,0x00000000ed400000)
  to   space 2560K, 0% used [0x00000000ecf00000,0x00000000ecf00000,0x00000000ed180000)
 ParOldGen       total 42496K, used 597K [0x00000000c3e00000, 0x00000000c6780000, 0x00000000ebf80000)
  object space 42496K, 1% used [0x00000000c3e00000,0x00000000c3e95728,0x00000000c6780000)
 Metaspace       used 11011K, capacity 11264K, committed 11392K, reserved 1058816K
  class space    used 1299K, capacity 1389K, committed 1408K, reserved 1048576K
Event: 11,651 GC heap after
Heap after GC invocations=3 (full 0):
 PSYoungGen      total 18432K, used 2544K [0x00000000ebf80000, 0x00000000ee380000, 0x0000000100000000)
  eden space 15872K, 0% used [0x00000000ebf80000,0x00000000ebf80000,0x00000000ecf00000)
  from space 2560K, 99% used [0x00000000ecf00000,0x00000000ed17c010,0x00000000ed180000)
  to   space 2560K, 0% used [0x00000000ee100000,0x00000000ee100000,0x00000000ee380000)
 ParOldGen       total 42496K, used 1668K [0x00000000c3e00000, 0x00000000c6780000, 0x00000000ebf80000)
  object space 42496K, 3% used [0x00000000c3e00000,0x00000000c3fa1188,0x00000000c6780000)
 Metaspace       used 11011K, capacity 11264K, committed 11392K, reserved 1058816K
  class space    used 1299K, capacity 1389K, committed 1408K, reserved 1048576K
}
Event: 12,092 GC heap before
{Heap before GC invocations=4 (full 0):
 PSYoungGen      total 18432K, used 18416K [0x00000000ebf80000, 0x00000000ee380000, 0x0000000100000000)
  eden space 15872K, 100% used [0x00000000ebf80000,0x00000000ecf00000,0x00000000ecf00000)
  from space 2560K, 99% used [0x00000000ecf00000,0x00000000ed17c010,0x00000000ed180000)
  to   space 2560K, 0% used [0x00000000ee100000,0x00000000ee100000,0x00000000ee380000)
 ParOldGen       total 42496K, used 1668K [0x00000000c3e00000, 0x00000000c6780000, 0x00000000ebf80000)
  object space 42496K, 3% used [0x00000000c3e00000,0x00000000c3fa1188,0x00000000c6780000)
 Metaspace       used 12862K, capacity 13162K, committed 13440K, reserved 1060864K
  class space    used 1538K, capacity 1632K, committed 1664K, reserved 1048576K
Event: 12,116 GC heap after
Heap after GC invocations=4 (full 0):
 PSYoungGen      total 34304K, used 2546K [0x00000000ebf80000, 0x00000000ee380000, 0x0000000100000000)
  eden space 31744K, 0% used [0x00000000ebf80000,0x00000000ebf80000,0x00000000ede80000)
  from space 2560K, 99% used [0x00000000ee100000,0x00000000ee37cb08,0x00000000ee380000)
  to   space 2560K, 0% used [0x00000000ede80000,0x00000000ede80000,0x00000000ee100000)
 ParOldGen       total 42496K, used 2993K [0x00000000c3e00000, 0x00000000c6780000, 0x00000000ebf80000)
  object space 42496K, 7% used [0x00000000c3e00000,0x00000000c40ec690,0x00000000c6780000)
 Metaspace       used 12862K, capacity 13162K, committed 13440K, reserved 1060864K
  class space    used 1538K, capacity 1632K, committed 1664K, reserved 1048576K
}
Event: 12,575 GC heap before
{Heap before GC invocations=5 (full 0):
 PSYoungGen      total 34304K, used 34290K [0x00000000ebf80000, 0x00000000ee380000, 0x0000000100000000)
  eden space 31744K, 100% used [0x00000000ebf80000,0x00000000ede80000,0x00000000ede80000)
  from space 2560K, 99% used [0x00000000ee100000,0x00000000ee37cb08,0x00000000ee380000)
  to   space 2560K, 0% used [0x00000000ede80000,0x00000000ede80000,0x00000000ee100000)
 ParOldGen       total 42496K, used 2993K [0x00000000c3e00000, 0x00000000c6780000, 0x00000000ebf80000)
  object space 42496K, 7% used [0x00000000c3e00000,0x00000000c40ec690,0x00000000c6780000)
 Metaspace       used 14497K, capacity 14888K, committed 15104K, reserved 1062912K
  class space    used 1874K, capacity 1981K, committed 2048K, reserved 1048576K
Event: 12,599 GC heap after
Heap after GC invocations=5 (full 0):
 PSYoungGen      total 34304K, used 2530K [0x00000000ebf80000, 0x00000000f0880000, 0x0000000100000000)
  eden space 31744K, 0% used [0x00000000ebf80000,0x00000000ebf80000,0x00000000ede80000)
  from space 2560K, 98% used [0x00000000ede80000,0x00000000ee0f8b18,0x00000000ee100000)
  to   space 5632K, 0% used [0x00000000f0300000,0x00000000f0300000,0x00000000f0880000)
 ParOldGen       total 42496K, used 5131K [0x00000000c3e00000, 0x00000000c6780000, 0x00000000ebf80000)
  object space 42496K, 12% used [0x00000000c3e00000,0x00000000c4302d48,0x00000000c6780000)
 Metaspace       used 14497K, capacity 14888K, committed 15104K, reserved 1062912K
  class space    used 1874K, capacity 1981K, committed 2048K, reserved 1048576K
}
Event: 13,304 GC heap before
{Heap before GC invocations=6 (full 0):
 PSYoungGen      total 34304K, used 34274K [0x00000000ebf80000, 0x00000000f0880000, 0x0000000100000000)
  eden space 31744K, 100% used [0x00000000ebf80000,0x00000000ede80000,0x00000000ede80000)
  from space 2560K, 98% used [0x00000000ede80000,0x00000000ee0f8b18,0x00000000ee100000)
  to   space 5632K, 0% used [0x00000000f0300000,0x00000000f0300000,0x00000000f0880000)
 ParOldGen       total 42496K, used 5131K [0x00000000c3e00000, 0x00000000c6780000, 0x00000000ebf80000)
  object space 42496K, 12% used [0x00000000c3e00000,0x00000000c4302d48,0x00000000c6780000)
 Metaspace       used 17442K, capacity 18012K, committed 18304K, reserved 1064960K
  class space    used 2217K, capacity 2385K, committed 2432K, reserved 1048576K
Event: 13,354 GC heap after
Heap after GC invocations=6 (full 0):
 PSYoungGen      total 68096K, used 5619K [0x00000000ebf80000, 0x00000000f0a80000, 0x0000000100000000)
  eden space 62464K, 0% used [0x00000000ebf80000,0x00000000ebf80000,0x00000000efc80000)
  from space 5632K, 99% used [0x00000000f0300000,0x00000000f087cff0,0x00000000f0880000)
  to   space 6656K, 0% used [0x00000000efc80000,0x00000000efc80000,0x00000000f0300000)
 ParOldGen       total 42496K, used 5224K [0x00000000c3e00000, 0x00000000c6780000, 0x00000000ebf80000)
  object space 42496K, 12% used [0x00000000c3e00000,0x00000000c431a000,0x00000000c6780000)
 Metaspace       used 17442K, capacity 18012K, committed 18304K, reserved 1064960K
  class space    used 2217K, capacity 2385K, committed 2432K, reserved 1048576K
}
Event: 16,254 GC heap before
{Heap before GC invocations=7 (full 0):
 PSYoungGen      total 68096K, used 52890K [0x00000000ebf80000, 0x00000000f0a80000, 0x0000000100000000)
  eden space 62464K, 75% used [0x00000000ebf80000,0x00000000eeda9bc0,0x00000000efc80000)
  from space 5632K, 99% used [0x00000000f0300000,0x00000000f087cff0,0x00000000f0880000)
  to   space 6656K, 0% used [0x00000000efc80000,0x00000000efc80000,0x00000000f0300000)
 ParOldGen       total 42496K, used 5224K [0x00000000c3e00000, 0x00000000c6780000, 0x00000000ebf80000)
  object space 42496K, 12% used [0x00000000c3e00000,0x00000000c431a000,0x00000000c6780000)
 Metaspace       used 20543K, capacity 21236K, committed 21296K, reserved 1067008K
  class space    used 2652K, capacity 2847K, committed 2864K, reserved 1048576K

